13:15 api.Models.Common : hashed password: F1A2BAF6-BA62-4617-85B3-21F15125408A0719
13:20 api.Models.Common : hashed password: F1A2BAF6-BA62-4617-85B3-21F15125408A0719
13:28 api.Models.Common : passwordSalt: F1A2BAF6-BA62-4617-85B3-21F15125408A0719
13:28 api.Models.Common : passwordSalt: 0719
13:36 api.Models.Common : passwordSalt: F1A2BAF6-BA62-4617-85B3-21F15125408A0719
13:36 api.Models.Common : passwordSalt: 0719
13:36 api.Models.Common : passwordSalt: F1A2BAF6-BA62-4617-85B3-21F15125408A0719
13:42 api.Models.Common : passwordSalt: F1A2BAF6-BA62-4617-85B3-21F15125408A0719
13:52 api.Models.Common : passwordSalt: F1A2BAF6-BA62-4617-85B3-21F15125408A0719
13:59 api.Models.Common : passwordSalt: F1A2BAF6-BA62-4617-85B3-21F15125408A0719
13:59 api.Models.Common : passwordSalt: F1A2BAF6-BA62-4617-85B3-21F15125408A0719
13:59 api.Models.Common : passwordSalt: F1A2BAF6-BA62-4617-85B3-21F15125408A0719
14:00 api.Models.Common : passwordSalt: F1A2BAF6-BA62-4617-85B3-21F15125408A0710
17:13 api.Models.Common : passwordSalt: F1A2BAF6-BA62-4617-85B3-21F15125408A0719
17:22 api.Models.Common : passwordSalt: F1A2BAF6-BA62-4617-85B3-21F15125408A0719
17:33 api.Models.Common : passwordSalt: F1A2BAF6-BA62-4617-85B3-21F15125408A0719
17:50 WeatherForecastController : Geting WeatherForecast
18:05 api.Models.Common : passwordSalt: F1A2BAF6-BA62-4617-85B3-21F15125408A0719
18:17 api.Models.Common : passwordSalt: F1A2BAF6-BA62-4617-85B3-21F15125408A0719
18:18 api.Models.Common : passwordSalt: F1A2BAF6-BA62-4617-85B3-21F15125408A0712
18:18 api.Models.Common : passwordSalt: F1A2BAF6-BA62-4617-85B3-21F15125408A0719
18:18 api.Models.Common : passwordSalt: F1A2BAF6-BA62-4617-85B3-21F15125408A
18:51 api.Models.Common : passwordSalt: F1A2BAF6-BA62-4617-85B3-21F15125408A0719
18:51 api.Models.Common : passwordSalt: F1A2BAF6-BA62-4617-85B3-21F15125408A07op[[po
19:57 api.Models.Common : passwordSalt: f07afdbe-300f-4e63-8a60-ef4ba7cd2a650468
19:57 Microsoft.AspNetCore.Diagnostics.DeveloperExceptionPageMiddleware : An unhandled exception has occurred while executing the request.
19:58 api.Models.Common : passwordSalt: 228290d5-9f89-4222-91e6-c96d7163f1380468
19:58 Microsoft.AspNetCore.Diagnostics.DeveloperExceptionPageMiddleware : An unhandled exception has occurred while executing the request.
20:00 api.Models.Common : passwordSalt: F1A2BAF6-BA62-4617-85B3-21F15125408A0719
20:02 api.Models.Common : passwordSalt: aa584823-fc9e-4f1f-a05d-a13fc98bd89d0468
20:02 Microsoft.AspNetCore.Diagnostics.DeveloperExceptionPageMiddleware : An unhandled exception has occurred while executing the request.
20:03 api.Models.Common : passwordSalt: 937AC9F4-7F8B-41F8-84F7-12FBB53AC2B60468
20:03 Microsoft.AspNetCore.Diagnostics.DeveloperExceptionPageMiddleware : An unhandled exception has occurred while executing the request.
23:47 api.Models.Common : passwordSalt: F1A2BAF6-BA62-4617-85B3-21F15125408A0719
23:47 api.Models.Common : passwordSalt: 50B563B0-B490-4B6C-8DFE-1D71FA243E5E0468
23:49 api.Models.Common : passwordSalt: 50b563b0-b490-4b6c-8dfe-1d71fa243e5e0468
23:49 api.Models.Common : passwordSalt: 50b563b0-b490-4b6c-8dfe-1d71fa243e5e0468
23:50 api.Models.Common : passwordSalt: 50b563b0-b490-4b6c-8dfe-1d71fa243e5e0468
23:52 api.Models.Common : passwordSalt: 787D3F06-0F75-4A4C-90F2-E3BAC78D34490469
