12:15 api.Models.Common : passwordSalt: F1A2BAF6-BA62-4617-85B3-21F15125408A0719
12:15 api.Models.Common : passwordSalt: F1A2BAF6-BA62-4617-85B3-21F15125408A0719
13:24 api.Models.Common : passwordSalt: F1A2BAF6-BA62-4617-85B3-21F15125408A0719
13:44 api.Models.Common : passwordSalt: F1A2BAF6-BA62-4617-85B3-21F15125408A0719
13:47 api.Models.Common : passwordSalt: F1A2BAF6-BA62-4617-85B3-21F15125408A0719
14:24 api.Models.Common : passwordSalt: F1A2BAF6-BA62-4617-85B3-21F15125408A0719
14:32 api.Models.Common : passwordSalt: F1A2BAF6-BA62-4617-85B3-21F15125408A0719
15:43 api.Models.Common : passwordSalt: F1A2BAF6-BA62-4617-85B3-21F15125408A0719
18:03 api.Models.Common : passwordSalt: F1A2BAF6-BA62-4617-85B3-21F15125408A0719
18:03 api.Models.Common : passwordSalt: F1A2BAF6-BA62-4617-85B3-21F15125408A0711
18:03 api.Models.Common : passwordSalt: F1A2BAF6-BA62-4617-85B3-21F15125408A0719
18:11 api.UserAuthService : passwordSalt: F1A2BAF6-BA62-4617-85B3-21F15125408A0719
18:11 api.UserAuthService : passwordSalt: F1A2BAF6-BA62-4617-85B3-21F15125408A0711
18:11 api.UserAuthService : passwordSalt: F1A2BAF6-BA62-4617-85B3-21F15125408A0719
20:54 Microsoft.AspNetCore.Diagnostics.DeveloperExceptionPageMiddleware : An unhandled exception has occurred while executing the request.
20:54 Microsoft.AspNetCore.Diagnostics.DeveloperExceptionPageMiddleware : An unhandled exception has occurred while executing the request.
20:56 api.UserAuthService : passwordSalt: F1A2BAF6-BA62-4617-85B3-21F15125408A0719
20:58 api.UserAuthService : passwordSalt: F1A2BAF6-BA62-4617-85B3-21F15125408A0719
21:01 api.UserAuthService : passwordSalt: 50b563b0-b490-4b6c-8dfe-1d71fa243e5e4068
21:01 api.UserAuthService : passwordSalt: 50b563b0-b490-4b6c-8dfe-1d71fa243e5e0468
21:03 api.UserAuthService : passwordSalt: 6F8AB3BF-4FA1-450E-871A-74C2AECD76B30719
21:03 api.UserAuthService : passwordSalt: 6F8AB3BF-4FA1-450E-871A-74C2AECD76B30719
21:20 api.UserAuthService : passwordSalt: DAE5D0BC-3F5D-4B36-A75C-93DD23CDFD040719
